C51 COMPILER V9.54   MAIN                                                                  08/19/2023 18:50:09 PAGE 1   


C51 COMPILER V9.54, COMPILATION OF MODULE MAIN
OBJECT MODULE PLACED IN .\Objects\main.obj
COMPILER INVOKED BY: D:\Professional_software\Keil5\C51\BIN\C51.EXE main.c OPTIMIZE(8,SPEED) BROWSE DEBUG OBJECTEXTEND P
                    -RINT(.\Listings\main.lst) OBJECT(.\Objects\main.obj)

line level    source

   1          #include <REGX52.H>
   2          #include <INTRINS.H>
   3          #include "LCD1602.H"
   4          #include "function.h"
   5          #define s_loc 5
   6          #define g_loc 6
   7          
   8          unsigned char KeyNum;
   9          unsigned char i;
  10          
  11          void main(){
  12   1              unsigned int s=0,g=2,cnt=0,isPassWord=1,sumTime = 0,inSetPassWord=1;
  13   1              unsigned long InitPassWord=0,InPassWord=0;
  14   1              LCD_Init();
  15   1              LCD_ShowString(1,1,"PassWord:");
  16   1              B:
  17   1              while(1){
  18   2                      Nixie(s_loc,s);Nixie(g_loc,g);
  19   2                      while(inSetPassWord){//设置密码
  20   3                              KeyNum = MatrixKey();
  21   3                              if(KeyNum) 
  22   3                              {
  23   4                                      if(KeyNum<=10 && cnt<5) 
  24   4                                      {
  25   5                                              InitPassWord *= 10;
  26   5                                              InitPassWord +=KeyNum%10;
  27   5                                              cnt++;
  28   5                                      }
  29   4                                      LCD_ShowNum(2,1,InitPassWord,5);
  30   4                              }
  31   3                              if(MatrixKey()==13){
  32   4      //                              LCD_ShowString(1,14,"OK ");
  33   4                                      inSetPassWord = 0;
  34   4                                      break;
  35   4                              }
  36   3                      }
  37   2                      //设置时间
  38   2                      while(!P3_1){
  39   3                              Nixie(s_loc,s);Nixie(g_loc,g);
  40   3      //                      LCD_Init();
  41   3      //                      LCD_ShowNum(1,4,m,1);LCD_ShowNum(1,5,s,1);
  42   3                              Delay(50);
  43   3                              g++;
  44   3                              if(g==10){
  45   4                                      s++;
  46   4                                      g=0;
  47   4                              }else if(s==9 && g==9){
  48   4                                      s = 0;
  49   4                                      g = 0;
  50   4                              }
  51   3                      }
  52   2                      //倒计时
  53   2                      if(MatrixKey()==16){
  54   3      //                      LCD_ShowString(1,2,"OK");
C51 COMPILER V9.54   MAIN                                                                  08/19/2023 18:50:09 PAGE 2   

  55   3                              while(g!=0 || s!=0){
  56   4                                      Buzzer_Time(100);
  57   4                                      if(s*10+g>10){
  58   5                                              for(sumTime=0; sumTime != 400; sumTime++){//数码管变化时间
  59   6                                                      Nixie(s_loc,s);Nixie(g_loc,g);
  60   6                                                      Delay(1);
  61   6                                              }
  62   5                                      }else{
  63   5                                              for(sumTime=0; sumTime != 10; sumTime++){//数码管变化时间
  64   6                                                      Nixie(s_loc,s);Nixie(g_loc,g);
  65   6                                                      Delay(80);
  66   6                                              }
  67   5                                      }
  68   4                                      P2 = 1;Delay(50);
  69   4                                      P2 = 0;Delay(50);
  70   4                                      if(!g){g=10; s--;}
  71   4      //                              LCD_ShowNum(2,4,m,1);LCD_ShowNum(2,5,s,1);
  72   4                                      g--;
  73   4                                      //拆炸弹
  74   4                                      cnt = 0;
  75   4                                      while(!P3_3){
  76   5                                              KeyNum = MatrixKey();
  77   5                                              if(KeyNum) 
  78   5                                              {
  79   6                                                      if(KeyNum<=10 && cnt<5) 
  80   6                                                      {
  81   7                                                              InPassWord *= 10;
  82   7                                                              InPassWord +=KeyNum%10;
  83   7                                                              cnt++;
  84   7                                                      }
  85   6                                              }
  86   5                                              for(i=0; i<7; i++) Nixie(i,0);
  87   5                                      }
  88   4                                      if(InitPassWord == InPassWord){Buzzer_Time_result(1000);goto B;}        
  89   4                              }
  90   3                              while(1){
  91   4                                      for(i=1; i<9; i++) Nixie(i,0);
  92   4                                      Buzzer_Time(50);
  93   4                              }
  94   3                      }
  95   2              }
  96   1      }


MODULE INFORMATION:   STATIC OVERLAYABLE
   CODE SIZE        =    680    ----
   CONSTANT SIZE    =     10    ----
   XDATA SIZE       =   ----    ----
   PDATA SIZE       =   ----    ----
   DATA SIZE        =      2      20
   IDATA SIZE       =   ----    ----
   BIT SIZE         =   ----    ----
END OF MODULE INFORMATION.


C51 COMPILATION COMPLETE.  0 WARNING(S),  0 ERROR(S)
